2025-02-21T11:05:04.502+08:00  INFO 6700 --- [springboot-ssr-book] [main] c.e.demo.SpringbootSsrBookApplication    : Starting SpringbootSsrBookApplication using Java 21.0.5 with PID 6700 (D:\Ecworkspace\springboot-ssr-book\target\classes started by 真相不明 in D:\Ecworkspace\springboot-ssr-book)
2025-02-21T11:05:04.515+08:00  INFO 6700 --- [springboot-ssr-book] [main] c.e.demo.SpringbootSsrBookApplication    : No active profile set, falling back to 1 default profile: "default"
2025-02-21T11:05:05.483+08:00  INFO 6700 --- [springboot-ssr-book] [main] .s.d.r.c.RepositoryConfigurationDelegate : Bootstrapping Spring Data JPA repositories in DEFAULT mode.
2025-02-21T11:05:05.571+08:00  INFO 6700 --- [springboot-ssr-book] [main] .s.d.r.c.RepositoryConfigurationDelegate : Finished Spring Data repository scanning in 80 ms. Found 5 JPA repository interfaces.
2025-02-21T11:05:06.094+08:00  INFO 6700 --- [springboot-ssr-book] [main] o.s.b.w.embedded.tomcat.TomcatWebServer  : Tomcat initialized with port 8084 (http)
2025-02-21T11:05:06.109+08:00  INFO 6700 --- [springboot-ssr-book] [main] o.apache.catalina.core.StandardService   : Starting service [Tomcat]
2025-02-21T11:05:06.109+08:00  INFO 6700 --- [springboot-ssr-book] [main] o.apache.catalina.core.StandardEngine    : Starting Servlet engine: [Apache Tomcat/10.1.31]
2025-02-21T11:05:06.396+08:00  INFO 6700 --- [springboot-ssr-book] [main] org.apache.jasper.servlet.TldScanner     : At least one JAR was scanned for TLDs yet contained no TLDs. Enable debug logging for this logger for a complete list of JARs that were scanned but no TLDs were found in them. Skipping unneeded JARs during scanning can improve startup time and JSP compilation time.
2025-02-21T11:05:06.404+08:00  INFO 6700 --- [springboot-ssr-book] [main] o.a.c.c.C.[Tomcat].[localhost].[/]       : Initializing Spring embedded WebApplicationContext
2025-02-21T11:05:06.405+08:00  INFO 6700 --- [springboot-ssr-book] [main] w.s.c.ServletWebServerApplicationContext : Root WebApplicationContext: initialization completed in 1825 ms
2025-02-21T11:05:06.557+08:00  INFO 6700 --- [springboot-ssr-book] [main] o.hibernate.jpa.internal.util.LogHelper  : HHH000204: Processing PersistenceUnitInfo [name: default]
2025-02-21T11:05:06.627+08:00  INFO 6700 --- [springboot-ssr-book] [main] org.hibernate.Version                    : HHH000412: Hibernate ORM core version 6.5.3.Final
2025-02-21T11:05:06.680+08:00  INFO 6700 --- [springboot-ssr-book] [main] o.h.c.internal.RegionFactoryInitiator    : HHH000026: Second-level cache disabled
2025-02-21T11:05:06.974+08:00  INFO 6700 --- [springboot-ssr-book] [main] o.s.o.j.p.SpringPersistenceUnitInfo      : No LoadTimeWeaver setup: ignoring JPA class transformer
2025-02-21T11:05:07.002+08:00  INFO 6700 --- [springboot-ssr-book] [main] com.zaxxer.hikari.HikariDataSource       : HikariPool-1 - Starting...
2025-02-21T11:05:07.176+08:00  INFO 6700 --- [springboot-ssr-book] [main] com.zaxxer.hikari.pool.HikariPool        : HikariPool-1 - Added connection com.mysql.cj.jdbc.ConnectionImpl@69d667a5
2025-02-21T11:05:07.178+08:00  INFO 6700 --- [springboot-ssr-book] [main] com.zaxxer.hikari.HikariDataSource       : HikariPool-1 - Start completed.
2025-02-21T11:05:08.168+08:00  INFO 6700 --- [springboot-ssr-book] [main] o.h.e.t.j.p.i.JtaPlatformInitiator       : HHH000489: No JTA platform available (set 'hibernate.transaction.jta.platform' to enable JTA platform integration)
2025-02-21T11:05:08.312+08:00  INFO 6700 --- [springboot-ssr-book] [main] j.LocalContainerEntityManagerFactoryBean : Initialized JPA EntityManagerFactory for persistence unit 'default'
2025-02-21T11:05:08.755+08:00  WARN 6700 --- [springboot-ssr-book] [main] JpaBaseConfiguration$JpaWebConfiguration : spring.jpa.open-in-view is enabled by default. Therefore, database queries may be performed during view rendering. Explicitly configure spring.jpa.open-in-view to disable this warning
2025-02-21T11:05:08.788+08:00  INFO 6700 --- [springboot-ssr-book] [main] o.s.b.a.w.s.WelcomePageHandlerMapping    : Adding welcome page template: index
2025-02-21T11:05:09.106+08:00  INFO 6700 --- [springboot-ssr-book] [main] o.s.b.w.embedded.tomcat.TomcatWebServer  : Tomcat started on port 8084 (http) with context path '/'
2025-02-21T11:05:09.113+08:00  INFO 6700 --- [springboot-ssr-book] [main] c.e.demo.SpringbootSsrBookApplication    : Started SpringbootSsrBookApplication in 5.059 seconds (process running for 5.91)
2025-02-21T11:09:20.312+08:00  INFO 6700 --- [springboot-ssr-book] [http-nio-8084-exec-1] o.a.c.c.C.[Tomcat].[localhost].[/]       : Initializing Spring DispatcherServlet 'dispatcherServlet'
2025-02-21T11:09:20.312+08:00  INFO 6700 --- [springboot-ssr-book] [http-nio-8084-exec-1] o.s.web.servlet.DispatcherServlet        : Initializing Servlet 'dispatcherServlet'
2025-02-21T11:09:20.312+08:00  INFO 6700 --- [springboot-ssr-book] [http-nio-8084-exec-1] o.s.web.servlet.DispatcherServlet        : Completed initialization in 0 ms
2025-02-21T11:22:35.996+08:00  INFO 6700 --- [springboot-ssr-book] [RMI TCP Connection(25)-127.0.0.1] inMXBeanRegistrar$SpringApplicationAdmin : Application shutdown requested.
2025-02-21T11:22:36.010+08:00  INFO 6700 --- [springboot-ssr-book] [RMI TCP Connection(25)-127.0.0.1] j.LocalContainerEntityManagerFactoryBean : Closing JPA EntityManagerFactory for persistence unit 'default'
2025-02-21T11:22:36.013+08:00  INFO 6700 --- [springboot-ssr-book] [RMI TCP Connection(25)-127.0.0.1] com.zaxxer.hikari.HikariDataSource       : HikariPool-1 - Shutdown initiated...
2025-02-21T11:22:36.022+08:00  INFO 6700 --- [springboot-ssr-book] [RMI TCP Connection(25)-127.0.0.1] com.zaxxer.hikari.HikariDataSource       : HikariPool-1 - Shutdown completed.
